<?xml version="1.0" encoding="UTF-8"?>
<testng-results ignored="0" total="2" passed="2" failed="0" skipped="0">
  <reporter-output>
  </reporter-output>
  <suite started-at="2022-04-05T17:18:25 IST" name="Suite" finished-at="2022-04-05T17:18:25 IST" duration-ms="37">
    <groups>
    </groups>
    <test started-at="2022-04-05T17:18:25 IST" name="Test" finished-at="2022-04-05T17:18:25 IST" duration-ms="37">
      <class name="com.Medal.I1">
        <test-method signature="aa()[pri:0, instance:com.Medal.I1@31368b99]" started-at="2022-04-05T17:18:25 IST" name="aa" finished-at="2022-04-05T17:18:25 IST" duration-ms="7" status="PASS">
          <reporter-output>
          </reporter-output>
        </test-method> <!-- aa -->
        <test-method signature="bb()[pri:0, instance:com.Medal.I1@31368b99]" started-at="2022-04-05T17:18:25 IST" name="bb" finished-at="2022-04-05T17:18:25 IST" duration-ms="1" status="PASS">
          <reporter-output>
          </reporter-output>
        </test-method> <!-- bb -->
      </class> <!-- com.Medal.I1 -->
    </test> <!-- Test -->
  </suite> <!-- Suite -->
</testng-results>
